[HEALTH] Database: UP
[HEALTH] Mailer: CONFIGURED
[HEALTH] Routes:
  - POST /api/auth/register [OK]
  - POST /api/auth/login [OK]
  - POST /api/auth/logout [OK]
  - POST /api/auth/forgot-password [OK]
  - POST /api/auth/reset-password [OK]
  - GET  /api/bets/history [OK]
  - GET  /api/bets/wins [OK]
  - GET  /api/bets/losses [OK]
  - GET  /api/bets/summary [OK]
  - POST /api/bets [OK]
  - POST /api/wallet/requests [OK]
  - GET  /api/wallet/requests/mine [OK]
  - GET  /api/wallet/requests [OK]
  - POST /api/wallet/requests/:requestId/decide [OK]
  - GET  /api/admin/users [OK]
  - POST /api/admin/users [OK]
  - POST /api/admin/users/:userId/credit [OK]
  - POST /api/admin/users/:userId/reset-password [OK]
  - GET  /api/health [OK]
  - GET  /api/live-scores [OK]
  - GET  /api/live-scores/stream [OK]
  - GET  /api/scheduled-scores [OK]
  - GET  /api/metrics [OK]
[HEALTH] Admin signup hash: STORED
Backend listening on http://localhost:8000
Health endpoint: http://localhost:8000/api/health
